<html>
<body>
<pre>
<h1>µVision Build Log</h1>
<h2>Tool Versions:</h2>
IDE-Version: ¦ÌVision V5.38.0.0
Copyright (C) 2022 ARM Ltd and ARM Germany GmbH. All rights reserved.
License Information: rrrr ych, ÈÃÈË, LIC=32B1Q-ND5TW-DYJV3-ADKG3-RT755-AM3TE
 
Tool Versions:
Toolchain:       MDK-ARM Plus  Version: 5.38.0.0
Toolchain Path:  C:\Keil_v5\ARM\ARM5.06\Bin
C Compiler:      Armcc.exe V5.06 update 7 (build 960)
Assembler:       Armasm.exe V5.06 update 7 (build 960)
Linker/Locator:  ArmLink.exe V5.06 update 7 (build 960)
Library Manager: ArmAr.exe V5.06 update 7 (build 960)
Hex Converter:   FromElf.exe V5.06 update 7 (build 960)
CPU DLL:         SARMCM3.DLL V5.38.0.0
Dialog DLL:      DCM.DLL V1.17.5.0
Target DLL:      STLink\ST-LINKIII-KEIL_SWO.dll V3.1.0.0
Dialog DLL:      TCM.DLL V1.56.4.0
 
<h2>Project:</h2>
E:\FreeRTOS\Project\RVMDK£¨uv5£©\BH-F103.uvprojx
Project File Date:  04/08/2024

<h2>Output:</h2>
*** Using Compiler 'V5.06 update 7 (build 960)', folder: 'C:\Keil_v5\ARM\ARM5.06\Bin'
Build target 'FreeRTOS'
compiling bsp_timer.c...
..\..\User\led\bsp_pid.h(7): warning:  #1295-D: Deprecated declaration readTemperature - give arg types
  float readTemperature();
..\..\User\led\bsp_pid.h(15): warning:  #1-D: last line of file ends without a newline
  #endif
..\..\User\led\bsp_timer.c(6): error:  #130: expected a "{"
  extern uint16_t AD_Value[2];
..\..\User\led\bsp_timer.c(9): warning:  #12-D: parsing restarts here after previous syntax error
  {
..\..\User\led\bsp_timer.c(38): warning:  #940-D: missing return statement at end of non-void function "pidController" 
  }
..\..\User\led\bsp_timer.c(50): warning:  #223-D: function "PID_realize" declared implicitly
  				PID_realize(AD_Value[0]);
..\..\User\led\bsp_timer.c(50): error:  #20: identifier "AD_Value" is undefined
  				PID_realize(AD_Value[0]);
..\..\User\led\bsp_timer.c: 5 warnings, 2 errors
compiling main.c...
..\..\User\led\bsp_Adc.h(7): warning:  #1295-D: Deprecated declaration My_ADC_Init - give arg types
  void My_ADC_Init();
..\..\User\led\bsp_pid.h(7): warning:  #1295-D: Deprecated declaration readTemperature - give arg types
  float readTemperature();
..\..\User\led\bsp_pid.h(15): warning:  #1-D: last line of file ends without a newline
  #endif
..\..\User\main.c(16): error:  #130: expected a "{"
  uint8_t Write_data[20] = {1, 2, 3, 4, 5, 6, 7, 8, 9, 10, 11, 12, 13, 14, 15, 16, 17, 18, 19, 20};
..\..\User\main.c(16): warning:  #174-D: expression has no effect
  uint8_t Write_data[20] = {1, 2, 3, 4, 5, 6, 7, 8, 9, 10, 11, 12, 13, 14, 15, 16, 17, 18, 19, 20};
..\..\User\main.c(16): warning:  #174-D: expression has no effect
  uint8_t Write_data[20] = {1, 2, 3, 4, 5, 6, 7, 8, 9, 10, 11, 12, 13, 14, 15, 16, 17, 18, 19, 20};
..\..\User\main.c(16): warning:  #174-D: expression has no effect
  uint8_t Write_data[20] = {1, 2, 3, 4, 5, 6, 7, 8, 9, 10, 11, 12, 13, 14, 15, 16, 17, 18, 19, 20};
..\..\User\main.c(16): warning:  #174-D: expression has no effect
  uint8_t Write_data[20] = {1, 2, 3, 4, 5, 6, 7, 8, 9, 10, 11, 12, 13, 14, 15, 16, 17, 18, 19, 20};
..\..\User\main.c(16): warning:  #174-D: expression has no effect
  uint8_t Write_data[20] = {1, 2, 3, 4, 5, 6, 7, 8, 9, 10, 11, 12, 13, 14, 15, 16, 17, 18, 19, 20};
..\..\User\main.c(16): warning:  #174-D: expression has no effect
  uint8_t Write_data[20] = {1, 2, 3, 4, 5, 6, 7, 8, 9, 10, 11, 12, 13, 14, 15, 16, 17, 18, 19, 20};
..\..\User\main.c(16): warning:  #174-D: expression has no effect
  uint8_t Write_data[20] = {1, 2, 3, 4, 5, 6, 7, 8, 9, 10, 11, 12, 13, 14, 15, 16, 17, 18, 19, 20};
..\..\User\main.c(16): warning:  #174-D: expression has no effect
  uint8_t Write_data[20] = {1, 2, 3, 4, 5, 6, 7, 8, 9, 10, 11, 12, 13, 14, 15, 16, 17, 18, 19, 20};
..\..\User\main.c(16): warning:  #174-D: expression has no effect
  uint8_t Write_data[20] = {1, 2, 3, 4, 5, 6, 7, 8, 9, 10, 11, 12, 13, 14, 15, 16, 17, 18, 19, 20};
..\..\User\main.c(16): warning:  #174-D: expression has no effect
  uint8_t Write_data[20] = {1, 2, 3, 4, 5, 6, 7, 8, 9, 10, 11, 12, 13, 14, 15, 16, 17, 18, 19, 20};
..\..\User\main.c(16): warning:  #174-D: expression has no effect
  uint8_t Write_data[20] = {1, 2, 3, 4, 5, 6, 7, 8, 9, 10, 11, 12, 13, 14, 15, 16, 17, 18, 19, 20};
..\..\User\main.c(16): warning:  #174-D: expression has no effect
  uint8_t Write_data[20] = {1, 2, 3, 4, 5, 6, 7, 8, 9, 10, 11, 12, 13, 14, 15, 16, 17, 18, 19, 20};
..\..\User\main.c(16): warning:  #174-D: expression has no effect
  uint8_t Write_data[20] = {1, 2, 3, 4, 5, 6, 7, 8, 9, 10, 11, 12, 13, 14, 15, 16, 17, 18, 19, 20};
..\..\User\main.c(16): warning:  #174-D: expression has no effect
  uint8_t Write_data[20] = {1, 2, 3, 4, 5, 6, 7, 8, 9, 10, 11, 12, 13, 14, 15, 16, 17, 18, 19, 20};
..\..\User\main.c(16): warning:  #174-D: expression has no effect
  uint8_t Write_data[20] = {1, 2, 3, 4, 5, 6, 7, 8, 9, 10, 11, 12, 13, 14, 15, 16, 17, 18, 19, 20};
..\..\User\main.c(16): warning:  #174-D: expression has no effect
  uint8_t Write_data[20] = {1, 2, 3, 4, 5, 6, 7, 8, 9, 10, 11, 12, 13, 14, 15, 16, 17, 18, 19, 20};
..\..\User\main.c(16): warning:  #174-D: expression has no effect
  uint8_t Write_data[20] = {1, 2, 3, 4, 5, 6, 7, 8, 9, 10, 11, 12, 13, 14, 15, 16, 17, 18, 19, 20};
..\..\User\main.c(16): warning:  #174-D: expression has no effect
  uint8_t Write_data[20] = {1, 2, 3, 4, 5, 6, 7, 8, 9, 10, 11, 12, 13, 14, 15, 16, 17, 18, 19, 20};
..\..\User\main.c(16): warning:  #174-D: expression has no effect
  uint8_t Write_data[20] = {1, 2, 3, 4, 5, 6, 7, 8, 9, 10, 11, 12, 13, 14, 15, 16, 17, 18, 19, 20};
..\..\User\main.c(16): warning:  #174-D: expression has no effect
  uint8_t Write_data[20] = {1, 2, 3, 4, 5, 6, 7, 8, 9, 10, 11, 12, 13, 14, 15, 16, 17, 18, 19, 20};
..\..\User\main.c(16): error:  #65: expected a ";"
  uint8_t Write_data[20] = {1, 2, 3, 4, 5, 6, 7, 8, 9, 10, 11, 12, 13, 14, 15, 16, 17, 18, 19, 20};
..\..\User\main.c(16): warning:  #940-D: missing return statement at end of non-void function "pidController" 
  uint8_t Write_data[20] = {1, 2, 3, 4, 5, 6, 7, 8, 9, 10, 11, 12, 13, 14, 15, 16, 17, 18, 19, 20};
..\..\User\main.c(55): warning:  #223-D: function "PID_init" declared implicitly
  	PID_init();
..\..\User\main.c: 25 warnings, 2 errors
"..\..\Output\Á÷Ë®µÆ.axf" - 4 Error(s), 30 Warning(s).

<h2>Software Packages used:</h2>

Package Vendor: Keil
                https://www.keil.com/pack/Keil.STM32F1xx_DFP.2.4.1.pack
                Keil.STM32F1xx_DFP.2.4.1
                STMicroelectronics STM32F1 Series Device Support, Drivers and Examples

<h2>Collection of Component include folders:</h2>
  C:/Users/ych/AppData/Local/Arm/Packs/Keil/STM32F1xx_DFP/2.4.1/Device/Include

<h2>Collection of Component Files used:</h2>
Target not created.
Build Time Elapsed:  00:00:02
</pre>
</body>
</html>
